Vivado Simulator 2015.4
WARNING: Your Simulation license expires in 27 day(s).
Time resolution is 1 ps
At time                    5 awgn samp1 =      x, samp2 =      x
At time                   15 awgn samp1 =      x, samp2 =      x
At time                   25 awgn samp1 =      x, samp2 =      x
At time                   35 awgn samp1 =      x, samp2 =      x
At time                   45 awgn samp1 =      x, samp2 =      x
At time                   55 awgn samp1 =      x, samp2 =      x
At time                   65 awgn samp1 =      x, samp2 =      x
At time                   75 awgn samp1 =      x, samp2 =      x
At time                   85 awgn samp1 =      x, samp2 =      x
At time                   95 awgn samp1 =      x, samp2 =      x
At time                  105 awgn samp1 =      x, samp2 =      x
At time                  115 awgn samp1 =      x, samp2 =      x
At time                  125 awgn samp1 =      x, samp2 =      x
At time                  135 awgn samp1 =      x, samp2 =      x
At time                  145 awgn samp1 =      x, samp2 =      x
At time                  155 awgn samp1 =      x, samp2 =      x
At time                  165 awgn samp1 =      x, samp2 =      x
At time                  175 awgn samp1 =      x, samp2 =      x
At time                  185 awgn samp1 =      x, samp2 =      x
At time                  195 awgn samp1 =      x, samp2 =      x
At time                  205 awgn samp1 =      x, samp2 =      x
At time                  215 awgn samp1 =      x, samp2 =      x
At time                  225 awgn samp1 =      x, samp2 =      x
At time                  235 awgn samp1 =      x, samp2 =      x
At time                  245 awgn samp1 =      x, samp2 =      x
At time                  255 awgn samp1 =      x, samp2 =      x
At time                  265 awgn samp1 =      x, samp2 =      x
At time                  275 awgn samp1 =      x, samp2 =      x
At time                  285 awgn samp1 =      x, samp2 =      x
At time                  295 awgn samp1 =      x, samp2 =      x
At time                  305 awgn samp1 =      x, samp2 =      x
At time                  315 awgn samp1 =      x, samp2 =      x
At time                  325 awgn samp1 =      x, samp2 =      x
At time                  335 awgn samp1 =      x, samp2 =      x
At time                  345 awgn samp1 =      x, samp2 =      x
At time                  355 awgn samp1 =      x, samp2 =      x
At time                  365 awgn samp1 =      x, samp2 =      x
At time                  375 awgn samp1 =      x, samp2 =      x
At time                  385 awgn samp1 =      x, samp2 =      x
At time                  395 awgn samp1 =      x, samp2 =      x
At time                  405 awgn samp1 =      x, samp2 =      x
At time                  415 awgn samp1 =   1098, samp2 =   2266
At time                  425 awgn samp1 =   -370, samp2 =   -534
At time                  435 awgn samp1 =   -906, samp2 =   2612
At time                  445 awgn samp1 =  -1082, samp2 =   1336
At time                  455 awgn samp1 =   -699, samp2 =   1275
At time                  465 awgn samp1 =  -1014, samp2 =  -1982
At time                  475 awgn samp1 =   -910, samp2 =  -1496
At time                  485 awgn samp1 =   3528, samp2 =  -3906
At time                  495 awgn samp1 =     45, samp2 =   2401
At time                  505 awgn samp1 =    321, samp2 =   2354
At time                  515 awgn samp1 =   -146, samp2 =   -742
At time                  525 awgn samp1 =   -316, samp2 =   1638
At time                  535 awgn samp1 =   2068, samp2 =  -2626
At time                  545 awgn samp1 =   -114, samp2 =   3470
At time                  555 awgn samp1 =   -942, samp2 =  -2039
At time                  565 awgn samp1 =    782, samp2 =     48
At time                  575 awgn samp1 =   1084, samp2 =  -1782
At time                  585 awgn samp1 =   1229, samp2 =     94
At time                  595 awgn samp1 =  -1276, samp2 =  -1610
At time                  605 awgn samp1 =  -2542, samp2 =   -632
At time                  615 awgn samp1 =  -1766, samp2 =   1534
At time                  625 awgn samp1 =   1470, samp2 =  -1318
At time                  635 awgn samp1 =  -1256, samp2 =     88
At time                  645 awgn samp1 =    310, samp2 =  -2619
At time                  655 awgn samp1 =  -1974, samp2 =   1976
At time                  665 awgn samp1 =   1652, samp2 =   -776
At time                  675 awgn samp1 =   2418, samp2 =   4774
At time                  685 awgn samp1 =    666, samp2 =   -881
At time                  695 awgn samp1 =    140, samp2 =  -1434
At time                  705 awgn samp1 =   -413, samp2 =   -642
At time                  715 awgn samp1 =    414, samp2 =    236
At time                  725 awgn samp1 =  -1253, samp2 =   -832
At time                  735 awgn samp1 =  -1478, samp2 =  -2556
At time                  745 awgn samp1 =   3456, samp2 =   1408
At time                  755 awgn samp1 =  -2446, samp2 =  -1828
At time                  765 awgn samp1 =  -1558, samp2 =   2898
At time                  775 awgn samp1 =   -786, samp2 =     67
At time                  785 awgn samp1 =   1244, samp2 =   -996
At time                  795 awgn samp1 =  -3030, samp2 =   -646
At time                  805 awgn samp1 =   -216, samp2 =  -3283
At time                  815 awgn samp1 =   3406, samp2 =   -936
At time                  825 awgn samp1 =   1598, samp2 =    548
At time                  835 awgn samp1 =  -1617, samp2 =    773
At time                  845 awgn samp1 =   1248, samp2 =   1621
At time                  855 awgn samp1 =  -1616, samp2 =    850
At time                  865 awgn samp1 =   1800, samp2 =   1111
At time                  875 awgn samp1 =   -304, samp2 =   -825
At time                  885 awgn samp1 =    333, samp2 =   1794
At time                  895 awgn samp1 =   1752, samp2 =   2557
At time                  905 awgn samp1 =  -1603, samp2 =    606
At time                  915 awgn samp1 =   2356, samp2 =   5076
At time                  925 awgn samp1 =    614, samp2 =  -1686
At time                  935 awgn samp1 =   3644, samp2 =  -3376
At time                  945 awgn samp1 =   -620, samp2 =   1522
At time                  955 awgn samp1 =  -2464, samp2 =  -3772
At time                  965 awgn samp1 =    796, samp2 =   -151
At time                  975 awgn samp1 =   -862, samp2 =  -2242
At time                  985 awgn samp1 =   1076, samp2 =   1026
At time                  995 awgn samp1 =  -1710, samp2 =   3004
